<?xml version="1.0" encoding="UTF-8"?>
<testng-results ignored="0" total="1" passed="1" failed="0" skipped="0">
  <reporter-output>
  </reporter-output>
  <suite started-at="2023-10-03T16:58:39 IST" name="Default suite" finished-at="2023-10-03T16:58:40 IST" duration-ms="177">
    <groups>
    </groups>
    <test started-at="2023-10-03T16:58:39 IST" name="Default test" finished-at="2023-10-03T16:58:40 IST" duration-ms="177">
      <class name="utils.MyTest">
        <test-method is-config="true" signature="startReport()[pri:0, instance:utils.MyTest@389adf1d]" started-at="2023-10-03T16:58:39 IST" name="startReport" finished-at="2023-10-03T16:58:39 IST" duration-ms="843" status="PASS">
          <reporter-output>
          </reporter-output>
        </test-method> <!-- startReport -->
        <test-method is-config="true" signature="setData()[pri:0, instance:utils.MyTest@389adf1d]" started-at="2023-10-03T16:58:39 IST" name="setData" finished-at="2023-10-03T16:58:39 IST" duration-ms="2" status="PASS">
          <reporter-output>
          </reporter-output>
        </test-method> <!-- setData -->
        <test-method is-config="true" signature="createTest()[pri:0, instance:utils.MyTest@389adf1d]" started-at="2023-10-03T16:58:39 IST" name="createTest" finished-at="2023-10-03T16:58:39 IST" duration-ms="27" status="PASS">
          <reporter-output>
          </reporter-output>
        </test-method> <!-- createTest -->
        <test-method signature="myTest()[pri:0, instance:utils.MyTest@389adf1d]" started-at="2023-10-03T16:58:39 IST" name="myTest" finished-at="2023-10-03T16:58:40 IST" duration-ms="34" status="PASS">
          <reporter-output>
          </reporter-output>
        </test-method> <!-- myTest -->
        <test-method is-config="true" signature="stopReport()[pri:0, instance:utils.MyTest@389adf1d]" started-at="2023-10-03T16:58:40 IST" name="stopReport" finished-at="2023-10-03T16:58:41 IST" duration-ms="1179" status="PASS">
          <reporter-output>
          </reporter-output>
        </test-method> <!-- stopReport -->
      </class> <!-- utils.MyTest -->
    </test> <!-- Default test -->
  </suite> <!-- Default suite -->
</testng-results>
